0 info it worked if it ends with ok
1 verbose cli [ '/usr/local/bin/node', '/usr/local/bin/npm', 'run', 'set-prod' ]
2 info using npm@3.10.3
3 info using node@v6.6.0
4 verbose run-script [ 'preset-prod', 'set-prod', 'postset-prod' ]
5 info lifecycle da-planets@1.0.0~preset-prod: da-planets@1.0.0
6 silly lifecycle da-planets@1.0.0~preset-prod: no script for preset-prod, continuing
7 info lifecycle da-planets@1.0.0~set-prod: da-planets@1.0.0
8 verbose lifecycle da-planets@1.0.0~set-prod: unsafe-perm in lifecycle true
9 verbose lifecycle da-planets@1.0.0~set-prod: PATH: /usr/local/lib/node_modules/npm/bin/node-gyp-bin:/Users/Jake/source/projects/da-planets/node_modules/.bin:/usr/local/bin:~/npm-global/bin:/usr/local/heroku/bin:/usr/local/bin:/usr/bin:/bin:/usr/sbin:/sbin:/usr/local/share/dotnet:/usr/local/git/bin
10 verbose lifecycle da-planets@1.0.0~set-prod: CWD: /Users/Jake/source/projects/da-planets
11 silly lifecycle da-planets@1.0.0~set-prod: Args: [ '-c',
11 silly lifecycle   'node process.env.NODE_ENV = \'production\' && node index.js' ]
12 silly lifecycle da-planets@1.0.0~set-prod: Returned: code: 1  signal: null
13 info lifecycle da-planets@1.0.0~set-prod: Failed to exec set-prod script
14 verbose stack Error: da-planets@1.0.0 set-prod: `node process.env.NODE_ENV = 'production' && node index.js`
14 verbose stack Exit status 1
14 verbose stack     at EventEmitter.<anonymous> (/usr/local/lib/node_modules/npm/lib/utils/lifecycle.js:242:16)
14 verbose stack     at emitTwo (events.js:106:13)
14 verbose stack     at EventEmitter.emit (events.js:191:7)
14 verbose stack     at ChildProcess.<anonymous> (/usr/local/lib/node_modules/npm/lib/utils/spawn.js:40:14)
14 verbose stack     at emitTwo (events.js:106:13)
14 verbose stack     at ChildProcess.emit (events.js:191:7)
14 verbose stack     at maybeClose (internal/child_process.js:877:16)
14 verbose stack     at Process.ChildProcess._handle.onexit (internal/child_process.js:226:5)
15 verbose pkgid da-planets@1.0.0
16 verbose cwd /Users/Jake/source/projects/da-planets
17 error Darwin 15.6.0
18 error argv "/usr/local/bin/node" "/usr/local/bin/npm" "run" "set-prod"
19 error node v6.6.0
20 error npm  v3.10.3
21 error code ELIFECYCLE
22 error da-planets@1.0.0 set-prod: `node process.env.NODE_ENV = 'production' && node index.js`
22 error Exit status 1
23 error Failed at the da-planets@1.0.0 set-prod script 'node process.env.NODE_ENV = 'production' && node index.js'.
23 error Make sure you have the latest version of node.js and npm installed.
23 error If you do, this is most likely a problem with the da-planets package,
23 error not with npm itself.
23 error Tell the author that this fails on your system:
23 error     node process.env.NODE_ENV = 'production' && node index.js
23 error You can get information on how to open an issue for this project with:
23 error     npm bugs da-planets
23 error Or if that isn't available, you can get their info via:
23 error     npm owner ls da-planets
23 error There is likely additional logging output above.
24 verbose exit [ 1, true ]
